18:51:28 INFO  : Registering command handlers for SDK TCF services
18:51:29 INFO  : Launching XSCT server: xsct.bat -interactive C:\Users\dev_fw\Desktop\CESE\vivado\lab_1\lab_1.sdk\temp_xsdb_launch_script.tcl
18:51:32 INFO  : XSCT server has started successfully.
18:51:34 INFO  : Successfully done setting XSCT server connection channel  
18:51:34 INFO  : Successfully done setting SDK workspace  
18:51:34 INFO  : Processing command line option -hwspec C:/Users/dev_fw/Desktop/CESE/vivado/lab_1/lab_1.sdk/design_1_wrapper.hdf.
19:02:30 INFO  : Connected to target on host '127.0.0.1' and port '3121'.
19:02:31 INFO  : Jtag cable 'Digilent Arty Z7 003017A6FE4BA' is selected.
19:02:31 INFO  : 'jtag frequency' command is executed.
19:02:31 INFO  : Sourcing of 'C:/Users/dev_fw/Desktop/CESE/vivado/lab_1/lab_1.sdk/design_1_wrapper_hw_platform_0/ps7_init.tcl' is done.
19:02:31 INFO  : Context for 'APU' is selected.
19:02:31 INFO  : Hardware design information is loaded from 'C:/Users/dev_fw/Desktop/CESE/vivado/lab_1/lab_1.sdk/design_1_wrapper_hw_platform_0/system.hdf'.
19:02:31 INFO  : 'configparams force-mem-access 1' command is executed.
19:02:31 INFO  : Context for 'APU' is selected.
19:02:31 INFO  : 'stop' command is executed.
19:02:31 INFO  : 'ps7_init' command is executed.
19:02:31 INFO  : 'ps7_post_config' command is executed.
19:02:31 INFO  : Context for processor 'ps7_cortexa9_0' is selected.
19:02:31 INFO  : Processor reset is completed for 'ps7_cortexa9_0'.
19:02:31 INFO  : Context for processor 'ps7_cortexa9_0' is selected.
19:02:31 INFO  : The application 'C:/Users/dev_fw/Desktop/CESE/vivado/lab_1/lab_1.sdk/mem_test/Debug/mem_test.elf' is downloaded to processor 'ps7_cortexa9_0'.
19:02:31 INFO  : 'configparams force-mem-access 0' command is executed.
19:02:31 INFO  : ----------------XSDB Script----------------
connect -url tcp:127.0.0.1:3121
source C:/Users/dev_fw/Desktop/CESE/vivado/lab_1/lab_1.sdk/design_1_wrapper_hw_platform_0/ps7_init.tcl
targets -set -nocase -filter {name =~"APU*" && jtag_cable_name =~ "Digilent Arty Z7 003017A6FE4BA"} -index 0
loadhw -hw C:/Users/dev_fw/Desktop/CESE/vivado/lab_1/lab_1.sdk/design_1_wrapper_hw_platform_0/system.hdf -mem-ranges [list {0x40000000 0xbfffffff}]
configparams force-mem-access 1
targets -set -nocase -filter {name =~"APU*" && jtag_cable_name =~ "Digilent Arty Z7 003017A6FE4BA"} -index 0
stop
ps7_init
ps7_post_config
targets -set -nocase -filter {name =~ "ARM*#0" && jtag_cable_name =~ "Digilent Arty Z7 003017A6FE4BA"} -index 0
rst -processor
targets -set -nocase -filter {name =~ "ARM*#0" && jtag_cable_name =~ "Digilent Arty Z7 003017A6FE4BA"} -index 0
dow C:/Users/dev_fw/Desktop/CESE/vivado/lab_1/lab_1.sdk/mem_test/Debug/mem_test.elf
configparams force-mem-access 0
----------------End of Script----------------

19:02:31 INFO  : Context for processor 'ps7_cortexa9_0' is selected.
19:02:32 INFO  : 'con' command is executed.
19:02:32 INFO  : ----------------XSDB Script (After Launch)----------------
targets -set -nocase -filter {name =~ "ARM*#0" && jtag_cable_name =~ "Digilent Arty Z7 003017A6FE4BA"} -index 0
con
----------------End of Script----------------

19:02:32 INFO  : Disconnected from the channel tcfchan#1.
19:03:39 INFO  : Connected to target on host '127.0.0.1' and port '3121'.
19:03:39 INFO  : Jtag cable 'Digilent Arty Z7 003017A6FE4BA' is selected.
19:03:39 INFO  : 'jtag frequency' command is executed.
19:03:39 INFO  : Sourcing of 'C:/Users/dev_fw/Desktop/CESE/vivado/lab_1/lab_1.sdk/design_1_wrapper_hw_platform_0/ps7_init.tcl' is done.
19:03:39 INFO  : Context for 'APU' is selected.
19:03:40 INFO  : Hardware design information is loaded from 'C:/Users/dev_fw/Desktop/CESE/vivado/lab_1/lab_1.sdk/design_1_wrapper_hw_platform_0/system.hdf'.
19:03:40 INFO  : 'configparams force-mem-access 1' command is executed.
19:03:40 INFO  : Context for 'APU' is selected.
19:03:40 INFO  : 'stop' command is executed.
19:03:41 INFO  : 'ps7_init' command is executed.
19:03:41 INFO  : 'ps7_post_config' command is executed.
19:03:41 INFO  : Context for processor 'ps7_cortexa9_0' is selected.
19:03:41 INFO  : Processor reset is completed for 'ps7_cortexa9_0'.
19:03:41 INFO  : Context for processor 'ps7_cortexa9_0' is selected.
19:03:41 INFO  : The application 'C:/Users/dev_fw/Desktop/CESE/vivado/lab_1/lab_1.sdk/mem_test/Debug/mem_test.elf' is downloaded to processor 'ps7_cortexa9_0'.
19:03:41 INFO  : 'configparams force-mem-access 0' command is executed.
19:03:41 INFO  : ----------------XSDB Script----------------
connect -url tcp:127.0.0.1:3121
source C:/Users/dev_fw/Desktop/CESE/vivado/lab_1/lab_1.sdk/design_1_wrapper_hw_platform_0/ps7_init.tcl
targets -set -nocase -filter {name =~"APU*" && jtag_cable_name =~ "Digilent Arty Z7 003017A6FE4BA"} -index 0
loadhw -hw C:/Users/dev_fw/Desktop/CESE/vivado/lab_1/lab_1.sdk/design_1_wrapper_hw_platform_0/system.hdf -mem-ranges [list {0x40000000 0xbfffffff}]
configparams force-mem-access 1
targets -set -nocase -filter {name =~"APU*" && jtag_cable_name =~ "Digilent Arty Z7 003017A6FE4BA"} -index 0
stop
ps7_init
ps7_post_config
targets -set -nocase -filter {name =~ "ARM*#0" && jtag_cable_name =~ "Digilent Arty Z7 003017A6FE4BA"} -index 0
rst -processor
targets -set -nocase -filter {name =~ "ARM*#0" && jtag_cable_name =~ "Digilent Arty Z7 003017A6FE4BA"} -index 0
dow C:/Users/dev_fw/Desktop/CESE/vivado/lab_1/lab_1.sdk/mem_test/Debug/mem_test.elf
configparams force-mem-access 0
----------------End of Script----------------

19:11:24 INFO  : Disconnected from the channel tcfchan#2.
11:17:00 INFO  : Registering command handlers for SDK TCF services
11:17:00 INFO  : Launching XSCT server: xsct.bat -interactive C:\Users\dev_fw\Desktop\CESE\vivado\lab2\lab2.sdk\temp_xsdb_launch_script.tcl
11:17:03 INFO  : XSCT server has started successfully.
11:17:06 INFO  : Successfully done setting XSCT server connection channel  
11:17:06 INFO  : Successfully done setting SDK workspace  
11:17:06 INFO  : Processing command line option -hwspec C:/Users/dev_fw/Desktop/CESE/vivado/lab2/lab2.sdk/design_1_wrapper.hdf.
12:13:48 INFO  : Connected to target on host '127.0.0.1' and port '3121'.
12:13:48 INFO  : 'targets -set -filter {jtag_cable_name =~ "Digilent Arty Z7 003017A6FE4BA" && level==0} -index 1' command is executed.
12:13:51 INFO  : FPGA configured successfully with bitstream "C:/Users/dev_fw/Desktop/CESE/vivado/lab2/lab2.sdk/design_1_wrapper_hw_platform_1/design_1_wrapper.bit"
12:14:22 INFO  : 'targets -set -filter {jtag_cable_name =~ "Digilent Arty Z7 003017A6FE4BA" && level==0} -index 1' command is executed.
12:14:22 INFO  : 'fpga -state' command is executed.
12:14:22 INFO  : Connected to target on host '127.0.0.1' and port '3121'.
12:14:23 INFO  : Jtag cable 'Digilent Arty Z7 003017A6FE4BA' is selected.
12:14:23 INFO  : 'jtag frequency' command is executed.
12:14:23 INFO  : Sourcing of 'C:/Users/dev_fw/Desktop/CESE/vivado/lab2/lab2.sdk/design_1_wrapper_hw_platform_1/ps7_init.tcl' is done.
12:14:23 INFO  : Context for 'APU' is selected.
12:14:23 INFO  : Hardware design information is loaded from 'C:/Users/dev_fw/Desktop/CESE/vivado/lab2/lab2.sdk/design_1_wrapper_hw_platform_1/system.hdf'.
12:14:23 INFO  : 'configparams force-mem-access 1' command is executed.
12:14:23 INFO  : Context for 'APU' is selected.
12:14:23 INFO  : 'stop' command is executed.
12:14:23 INFO  : 'ps7_init' command is executed.
12:14:23 INFO  : 'ps7_post_config' command is executed.
12:14:23 INFO  : Context for processor 'ps7_cortexa9_0' is selected.
12:14:23 INFO  : Processor reset is completed for 'ps7_cortexa9_0'.
12:14:23 INFO  : Context for processor 'ps7_cortexa9_0' is selected.
12:14:23 INFO  : The application 'C:/Users/dev_fw/Desktop/CESE/vivado/lab2/lab2.sdk/TestApp/Debug/TestApp.elf' is downloaded to processor 'ps7_cortexa9_0'.
12:14:23 INFO  : 'configparams force-mem-access 0' command is executed.
12:14:23 INFO  : ----------------XSDB Script----------------
connect -url tcp:127.0.0.1:3121
source C:/Users/dev_fw/Desktop/CESE/vivado/lab2/lab2.sdk/design_1_wrapper_hw_platform_1/ps7_init.tcl
targets -set -nocase -filter {name =~"APU*" && jtag_cable_name =~ "Digilent Arty Z7 003017A6FE4BA"} -index 0
loadhw -hw C:/Users/dev_fw/Desktop/CESE/vivado/lab2/lab2.sdk/design_1_wrapper_hw_platform_1/system.hdf -mem-ranges [list {0x40000000 0xbfffffff}]
configparams force-mem-access 1
targets -set -nocase -filter {name =~"APU*" && jtag_cable_name =~ "Digilent Arty Z7 003017A6FE4BA"} -index 0
stop
ps7_init
ps7_post_config
targets -set -nocase -filter {name =~ "ARM*#0" && jtag_cable_name =~ "Digilent Arty Z7 003017A6FE4BA"} -index 0
rst -processor
targets -set -nocase -filter {name =~ "ARM*#0" && jtag_cable_name =~ "Digilent Arty Z7 003017A6FE4BA"} -index 0
dow C:/Users/dev_fw/Desktop/CESE/vivado/lab2/lab2.sdk/TestApp/Debug/TestApp.elf
configparams force-mem-access 0
----------------End of Script----------------

12:14:23 INFO  : Context for processor 'ps7_cortexa9_0' is selected.
12:14:23 INFO  : 'con' command is executed.
12:14:23 INFO  : ----------------XSDB Script (After Launch)----------------
targets -set -nocase -filter {name =~ "ARM*#0" && jtag_cable_name =~ "Digilent Arty Z7 003017A6FE4BA"} -index 0
con
----------------End of Script----------------

12:14:23 INFO  : Disconnected from the channel tcfchan#1.
