#-----------------------------------------------------------
# Webtalk v2018.1 (64-bit)
# SW Build 2188600 on Wed Apr  4 18:40:38 MDT 2018
# 
# Start of session at: Mon May  9 19:25:09 2022
# Process ID: 9188
# Current directory: C:/Users/dev_fw/Desktop/CESE/vivado/lab_1/lab_1.sdk/webtalk
# Command line: wbtcv.exe -mode batch -source sdk_webtalk.tcl
# Log file: C:/Users/dev_fw/Desktop/CESE/vivado/lab_1/lab_1.sdk/webtalk/webtalk.log
# Journal file: C:/Users/dev_fw/Desktop/CESE/vivado/lab_1/lab_1.sdk/webtalk\webtalk.jou
#-----------------------------------------------------------
source sdk_webtalk.tcl
# webtalk_init -webtalk_dir C:\\Users\\dev_fw\\Desktop\\CESE\\vivado\\lab_1\\lab_1.sdk\\webtalk
# webtalk_register_client -client project
# webtalk_add_data -client project -key date_generated -value "2022-05-09 19:25:08" -context "software_version_and_target_device"
# webtalk_add_data -client project -key product_version -value "SDK v2018.1" -context "software_version_and_target_device"
# webtalk_add_data -client project -key build_version -value "2018.1" -context "software_version_and_target_device"
# webtalk_add_data -client project -key os_platform -value "amd64" -context "software_version_and_target_device"
# webtalk_add_data -client project -key registration_id -value "212419107_0_0_343" -context "software_version_and_target_device"
# webtalk_add_data -client project -key tool_flow -value "SDK" -context "software_version_and_target_device"
# webtalk_add_data -client project -key beta -value "false" -context "software_version_and_target_device"
# webtalk_add_data -client project -key route_design -value "NA" -context "software_version_and_target_device"
# webtalk_add_data -client project -key target_family -value "NA" -context "software_version_and_target_device"
# webtalk_add_data -client project -key target_device -value "NA" -context "software_version_and_target_device"
# webtalk_add_data -client project -key target_package -value "NA" -context "software_version_and_target_device"
# webtalk_add_data -client project -key target_speed -value "NA" -context "software_version_and_target_device"
# webtalk_add_data -client project -key random_id -value "fqcbadkue4ar0q0u2ar23v9bjr" -context "software_version_and_target_device"
# webtalk_add_data -client project -key project_id -value "2018.1_1" -context "software_version_and_target_device"
# webtalk_add_data -client project -key project_iteration -value "1" -context "software_version_and_target_device"
# webtalk_add_data -client project -key os_name -value "Microsoft Windows 8 or later , 64-bit" -context "user_environment"
# webtalk_add_data -client project -key os_release -value "major release  (build 9200)" -context "user_environment"
# webtalk_add_data -client project -key cpu_name -value "11th Gen Intel(R) Core(TM) i7-1165G7 @ 2.80GHz" -context "user_environment"
# webtalk_add_data -client project -key cpu_speed -value "2803 MHz" -context "user_environment"
# webtalk_add_data -client project -key total_processors -value "1" -context "user_environment"
# webtalk_add_data -client project -key system_ram -value "8.278 GB" -context "user_environment"
# webtalk_register_client -client sdk
# webtalk_add_data -client sdk -key uid -value "1652140298624" -context "sdk\\\\hardware/1652140298624"
# webtalk_add_data -client sdk -key isZynq -value "true" -context "sdk\\\\hardware/1652140298624"
# webtalk_add_data -client sdk -key isZynqMP -value "false" -context "sdk\\\\hardware/1652140298624"
# webtalk_add_data -client sdk -key Processors -value "2" -context "sdk\\\\hardware/1652140298624"
# webtalk_add_data -client sdk -key VivadoVersion -value "2018.1" -context "sdk\\\\hardware/1652140298624"
# webtalk_add_data -client sdk -key Arch -value "zynq" -context "sdk\\\\hardware/1652140298624"
# webtalk_add_data -client sdk -key Device -value "7z020" -context "sdk\\\\hardware/1652140298624"
# webtalk_add_data -client sdk -key IsHandoff -value "true" -context "sdk\\\\hardware/1652140298624"
# webtalk_add_data -client sdk -key os -value "NA" -context "sdk\\\\hardware/1652140298624"
# webtalk_add_data -client sdk -key apptemplate -value "NA" -context "sdk\\\\hardware/1652140298624"
# webtalk_add_data -client sdk -key RecordType -value "HWCreation" -context "sdk\\\\hardware/1652140298624"
# webtalk_add_data -client sdk -key uid -value "1652140467342" -context "sdk\\\\bsp/1652140467342"
# webtalk_add_data -client sdk -key hwid -value "1652140298624" -context "sdk\\\\bsp/1652140467342"
# webtalk_add_data -client sdk -key os -value "standalone" -context "sdk\\\\bsp/1652140467342"
# webtalk_add_data -client sdk -key apptemplate -value "memory_tests" -context "sdk\\\\bsp/1652140467342"
# webtalk_add_data -client sdk -key RecordType -value "BSPCreation" -context "sdk\\\\bsp/1652140467342"
# webtalk_add_data -client sdk -key uid -value "1652140470822" -context "sdk\\\\application/1652140470822"
# webtalk_add_data -client sdk -key hwid -value "1652140298624" -context "sdk\\\\application/1652140470822"
# webtalk_add_data -client sdk -key bspid -value "1652140467342" -context "sdk\\\\application/1652140470822"
# webtalk_add_data -client sdk -key newbsp -value "true" -context "sdk\\\\application/1652140470822"
# webtalk_add_data -client sdk -key os -value "standalone" -context "sdk\\\\application/1652140470822"
# webtalk_add_data -client sdk -key apptemplate -value "memory_tests" -context "sdk\\\\application/1652140470822"
# webtalk_add_data -client sdk -key RecordType -value "APPCreation" -context "sdk\\\\application/1652140470822"
# webtalk_add_data -client sdk -key LangUsed -value "C" -context "sdk\\\\application/1652140470822"
# webtalk_add_data -client sdk -key Procused -value "ps7_cortexa9" -context "sdk\\\\application/1652140470822"
# webtalk_add_data -client sdk -key projSize -value "253.62109375" -context "sdk\\\\application/1652140470822"
# webtalk_add_data -client sdk -key uid -value "NA" -context "sdk\\\\bsp/1652142308075"
# webtalk_add_data -client sdk -key RecordType -value "ToolUsage" -context "sdk\\\\bsp/1652142308075"
# webtalk_add_data -client sdk -key BootgenCount -value "0" -context "sdk\\\\bsp/1652142308075"
# webtalk_add_data -client sdk -key DebugCount -value "0" -context "sdk\\\\bsp/1652142308075"
# webtalk_add_data -client sdk -key PerfCount -value "0" -context "sdk\\\\bsp/1652142308075"
# webtalk_add_data -client sdk -key FlashCount -value "0" -context "sdk\\\\bsp/1652142308075"
# webtalk_add_data -client sdk -key CrossTriggCount -value "0" -context "sdk\\\\bsp/1652142308075"
# webtalk_add_data -client sdk -key QemuDebugCount -value "0" -context "sdk\\\\bsp/1652142308075"
# webtalk_transmit -clientid 2859633654 -regid "212419107_0_0_343" -xml C:\\Users\\dev_fw\\Desktop\\CESE\\vivado\\lab_1\\lab_1.sdk\\webtalk\\usage_statistics_ext_sdk.xml -html C:\\Users\\dev_fw\\Desktop\\CESE\\vivado\\lab_1\\lab_1.sdk\\webtalk\\usage_statistics_ext_sdk.html -wdm C:\\Users\\dev_fw\\Desktop\\CESE\\vivado\\lab_1\\lab_1.sdk\\webtalk\\sdk_webtalk.wdm -intro "<H3>SDK Usage Report</H3><BR>"
# webtalk_terminate
INFO: [Common 17-206] Exiting Webtalk at Mon May  9 19:25:10 2022...
